<?xml version="1.0" encoding="UTF-8"?>
<!-- Generated by org.testng.reporters.JUnitReportReporter -->
<testsuite hostname="DESKTOP-6EKTJ1K" failures="0" tests="2" name="com.mangaapp.MangaApp.MangaDetailsModalTest" time="37.192" errors="0" timestamp="2024-08-24T01:59:33 BDT" skipped="0">
  <testcase classname="com.mangaapp.MangaApp.MangaDetailsModalTest" name="testLoginFunctionality" time="11.119"/>
  <testcase classname="com.mangaapp.MangaApp.MangaDetailsModalTest" name="testMangaDetailsModal" time="26.073"/>
</testsuite> <!-- com.mangaapp.MangaApp.MangaDetailsModalTest -->
