<?xml version="1.0" encoding="UTF-8"?>
<!-- Generated by org.testng.reporters.JUnitReportReporter -->
<testsuite hostname="DESKTOP-6EKTJ1K" failures="0" tests="1" name="com.mangaapp.MangaApp.LoginTest" time="13.425" errors="0" timestamp="2024-08-24T01:59:33 BDT" skipped="0">
  <testcase classname="com.mangaapp.MangaApp.LoginTest" name="testLoginFunctionality" time="13.425"/>
</testsuite> <!-- com.mangaapp.MangaApp.LoginTest -->
