<?xml version="1.0" encoding="UTF-8"?>
<!-- Generated by org.testng.reporters.JUnitReportReporter -->
<testsuite hostname="DESKTOP-6EKTJ1K" failures="0" tests="2" name="com.mangaapp.MangaApp.MangaSearchTest" time="53.043" errors="0" timestamp="2024-08-24T01:59:33 BDT" skipped="0">
  <testcase classname="com.mangaapp.MangaApp.MangaSearchTest" name="testLoginFunctionality" time="10.913"/>
  <testcase classname="com.mangaapp.MangaApp.MangaSearchTest" name="testSearchFunctionality" time="42.130"/>
</testsuite> <!-- com.mangaapp.MangaApp.MangaSearchTest -->
